<?xml version="1.0" encoding="UTF-8"?>
<!-- Generated by org.testng.reporters.JUnitXMLReporter -->
<testsuite ignored="2" hostname="Thien-Acer" failures="0" tests="10" name="Test" time="16.382" errors="0" timestamp="2021-10-23T10:46:30 ICT">
  <testcase classname="baitap.check_test" name="v_rfgis" time="1.23"/>
  <testcase classname="baitap.check_test" name="click_support" time="0.672"/>
  <testcase classname="baitap.check_dangky" name="dangky" time="1.191"/>
  <testcase classname="baitap.check_dangky" name="thongtin" time="0.405"/>
  <testcase classname="baitap.check_dangky" name="mailling" time="0.427"/>
  <testcase classname="baitap.check_dangky" name="user_information" time="0.291"/>
  <testcase classname="baitap.check_dangky" name="submit_inf" time="1.222"/>
  <testcase classname="baitap.check_dangky" name="back_login" time="0.654"/>
  <testcase classname="baitap.check_dangky" name="dangnhap" time="1.154"/>
  <testcase classname="baitap.check_dangky" name="verify_check_login" time="0.026"/>
  <testcase classname="baitap.check_dangky" name="dien_username" time="0.0">
    <ignored/>
  </testcase> <!-- dien_username -->
  <testcase classname="baitap.check_dangky" name="chua_co_tk" time="0.0">
    <ignored/>
  </testcase> <!-- chua_co_tk -->
</testsuite> <!-- Test -->
